[BusinessModel.updateStatus] error: column "is_active" of relation "business_profiles" does not exist
    at C:\Projects\ecotrackai\ecotrackai-backend\node_modules\pg-pool\index.js:45:11
    at process.processTicksAndRejections (node:internal/process/task_queues:103:5)
    at async Object.updateStatus (C:\Projects\ecotrackai\ecotrackai-backend\src\models\business.model.js:157:24)
    at async Object.suspendBusiness (C:\Projects\ecotrackai\ecotrackai-backend\src\services\superadmin.service.js:146:22)
    at async suspendBusiness (C:\Projects\ecotrackai\ecotrackai-backend\src\controllers\superadmin.controller.js:81:22) {
  length: 141,
  severity: 'ERROR',
  code: '42703',
  detail: undefined,
  hint: undefined,
  position: '47',
  internalPosition: undefined,
  internalQuery: undefined,
  where: undefined,
  schema: undefined,
  table: undefined,
  column: undefined,
  dataType: undefined,
  constraint: undefined,
  file: 'analyze.c',
  line: '2469',
  routine: 'transformUpdateTargetList'
}
[SuperAdminService.getAuditLogs] error: relation "audit_logs" does not exist
    at C:\Projects\ecotrackai\ecotrackai-backend\node_modules\pg-pool\index.js:45:11
    at process.processTicksAndRejections (node:internal/process/task_queues:103:5)
    at async Object.getAuditLogs (C:\Projects\ecotrackai\ecotrackai-backend\src\services\superadmin.service.js:362:24)
    at async getAuditLogs (C:\Projects\ecotrackai\ecotrackai-backend\src\controllers\superadmin.controller.js:186:22) {
  length: 109,
  severity: 'ERROR',
  code: '42P01',
  detail: undefined,
  hint: undefined,
  position: '15',
  internalPosition: undefined,
  internalQuery: undefined,
  where: undefined,
  schema: undefined,
  table: undefined,
  column: undefined,
  dataType: undefined,
  constraint: undefined,
  file: 'parse_relation.c',
  line: '1381',
  routine: 'parserOpenTable'
}
[SuperAdminService.getCrossBusinessAnalytics] error: relation "carbon" does not exist
    at C:\Projects\ecotrackai\ecotrackai-backend\node_modules\pg-pool\index.js:45:11
    at process.processTicksAndRejections (node:internal/process/task_queues:103:5)
    at async Object.getCrossBusinessAnalytics (C:\Projects\ecotrackai\ecotrackai-backend\src\services\superadmin.service.js:393:28)
    at async getCrossBusinessAnalytics (C:\Projects\ecotrackai\ecotrackai-backend\src\controllers\superadmin.controller.js:239:22) {
  length: 106,
  severity: 'ERROR',
  code: '42P01',
  detail: undefined,
  hint: undefined,
  position: '182',
  internalPosition: undefined,
  internalQuery: undefined,
  where: undefined,
  schema: undefined,
  table: undefined,
  column: undefined,
  dataType: undefined,
  constraint: undefined,
  file: 'parse_relation.c',
  line: '1381',
  routine: 'parserOpenTable'
}
[SuperAdminService.getCrossBusinessAnalytics] error: relation "carbon" does not exist
    at C:\Projects\ecotrackai\ecotrackai-backend\node_modules\pg-pool\index.js:45:11
    at process.processTicksAndRejections (node:internal/process/task_queues:103:5)
    at async Object.getCrossBusinessAnalytics (C:\Projects\ecotrackai\ecotrackai-backend\src\services\superadmin.service.js:393:28)
    at async getCrossBusinessAnalytics (C:\Projects\ecotrackai\ecotrackai-backend\src\controllers\superadmin.controller.js:239:22) {
  length: 106,
  severity: 'ERROR',
  code: '42P01',
  detail: undefined,
  hint: undefined,
  position: '182',
  internalPosition: undefined,
  internalQuery: undefined,
  where: undefined,
  schema: undefined,
  table: undefined,
  column: undefined,
  dataType: undefined,
  constraint: undefined,
  file: 'parse_relation.c',
  line: '1381',
  routine: 'parserOpenTable'
}
[SuperAdminService.getAuditLogs] error: relation "audit_logs" does not exist
    at C:\Projects\ecotrackai\ecotrackai-backend\node_modules\pg-pool\index.js:45:11
    at process.processTicksAndRejections (node:internal/process/task_queues:103:5)
    at async Object.getAuditLogs (C:\Projects\ecotrackai\ecotrackai-backend\src\services\superadmin.service.js:362:24)
    at async getAuditLogs (C:\Projects\ecotrackai\ecotrackai-backend\src\controllers\superadmin.controller.js:186:22) {
  length: 109,
  severity: 'ERROR',
  code: '42P01',
  detail: undefined,
  hint: undefined,
  position: '15',
  internalPosition: undefined,
  internalQuery: undefined,
  where: undefined,
  schema: undefined,
  table: undefined,
  column: undefined,
  dataType: undefined,
  constraint: undefined,
  file: 'parse_relation.c',
  line: '1381',
  routine: 'parserOpenTable'
}
[BusinessModel.updateStatus] error: column "is_active" of relation "business_profiles" does not exist
    at C:\Projects\ecotrackai\ecotrackai-backend\node_modules\pg-pool\index.js:45:11
    at process.processTicksAndRejections (node:internal/process/task_queues:103:5)
    at async Object.updateStatus (C:\Projects\ecotrackai\ecotrackai-backend\src\models\business.model.js:157:24)
    at async Object.suspendBusiness (C:\Projects\ecotrackai\ecotrackai-backend\src\services\superadmin.service.js:146:22)
    at async suspendBusiness (C:\Projects\ecotrackai\ecotrackai-backend\src\controllers\superadmin.controller.js:81:22) {
  length: 141,
  severity: 'ERROR',
  code: '42703',
  detail: undefined,
  hint: undefined,
  position: '47',
  internalPosition: undefined,
  internalQuery: undefined,
  where: undefined,
  schema: undefined,
  table: undefined,
  column: undefined,
  dataType: undefined,
  constraint: undefined,
  file: 'analyze.c',
  line: '2469',
  routine: 'transformUpdateTargetList'
}
[BusinessModel.updateStatus] error: column "is_active" of relation "business_profiles" does not exist
    at C:\Projects\ecotrackai\ecotrackai-backend\node_modules\pg-pool\index.js:45:11
    at process.processTicksAndRejections (node:internal/process/task_queues:103:5)
    at async Object.updateStatus (C:\Projects\ecotrackai\ecotrackai-backend\src\models\business.model.js:157:24)
    at async Object.suspendBusiness (C:\Projects\ecotrackai\ecotrackai-backend\src\services\superadmin.service.js:146:22)
    at async suspendBusiness (C:\Projects\ecotrackai\ecotrackai-backend\src\controllers\superadmin.controller.js:81:22) {
  length: 141,
  severity: 'ERROR',
  code: '42703',
  detail: undefined,
  hint: undefined,
  position: '47',
  internalPosition: undefined,
  internalQuery: undefined,
  where: undefined,
  schema: undefined,
  table: undefined,
  column: undefined,
  dataType: undefined,
  constraint: undefined,
  file: 'analyze.c',
  line: '2469',
  routine: 'transformUpdateTargetList'
}
[BusinessModel.create] error: column "is_active" of relation "business_profiles" does not exist
    at C:\Projects\ecotrackai\ecotrackai-backend\node_modules\pg-pool\index.js:45:11
    at process.processTicksAndRejections (node:internal/process/task_queues:103:5)
    at async Object.create (C:\Projects\ecotrackai\ecotrackai-backend\src\models\business.model.js:46:24)
    at async Object.createBusiness (C:\Projects\ecotrackai\ecotrackai-backend\src\services\superadmin.service.js:103:22)
    at async createBusiness (C:\Projects\ecotrackai\ecotrackai-backend\src\controllers\superadmin.controller.js:49:22) {
  length: 140,
  severity: 'ERROR',
  code: '42703',
  detail: undefined,
  hint: undefined,
  position: '142',
  internalPosition: undefined,
  internalQuery: undefined,
  where: undefined,
  schema: undefined,
  table: undefined,
  column: undefined,
  dataType: undefined,
  constraint: undefined,
  file: 'parse_target.c',
  line: '1075',
  routine: 'checkInsertTargets'
}
[SuperAdminService.getAuditLogs] error: relation "audit_logs" does not exist
    at C:\Projects\ecotrackai\ecotrackai-backend\node_modules\pg-pool\index.js:45:11
    at process.processTicksAndRejections (node:internal/process/task_queues:103:5)
    at async Object.getAuditLogs (C:\Projects\ecotrackai\ecotrackai-backend\src\services\superadmin.service.js:362:24)
    at async getAuditLogs (C:\Projects\ecotrackai\ecotrackai-backend\src\controllers\superadmin.controller.js:186:22) {
  length: 109,
  severity: 'ERROR',
  code: '42P01',
  detail: undefined,
  hint: undefined,
  position: '15',
  internalPosition: undefined,
  internalQuery: undefined,
  where: undefined,
  schema: undefined,
  table: undefined,
  column: undefined,
  dataType: undefined,
  constraint: undefined,
  file: 'parse_relation.c',
  line: '1381',
  routine: 'parserOpenTable'
}
[SuperAdminService.getCrossBusinessAnalytics] error: relation "carbon" does not exist
    at C:\Projects\ecotrackai\ecotrackai-backend\node_modules\pg-pool\index.js:45:11
    at process.processTicksAndRejections (node:internal/process/task_queues:103:5)
    at async Object.getCrossBusinessAnalytics (C:\Projects\ecotrackai\ecotrackai-backend\src\services\superadmin.service.js:393:28)
    at async getCrossBusinessAnalytics (C:\Projects\ecotrackai\ecotrackai-backend\src\controllers\superadmin.controller.js:239:22) {
  length: 106,
  severity: 'ERROR',
  code: '42P01',
  detail: undefined,
  hint: undefined,
  position: '182',
  internalPosition: undefined,
  internalQuery: undefined,
  where: undefined,
  schema: undefined,
  table: undefined,
  column: undefined,
  dataType: undefined,
  constraint: undefined,
  file: 'parse_relation.c',
  line: '1381',
  routine: 'parserOpenTable'
}
[SuperAdminService.getAuditLogs] error: relation "audit_logs" does not exist
    at C:\Projects\ecotrackai\ecotrackai-backend\node_modules\pg-pool\index.js:45:11
    at process.processTicksAndRejections (node:internal/process/task_queues:103:5)
    at async Object.getAuditLogs (C:\Projects\ecotrackai\ecotrackai-backend\src\services\superadmin.service.js:362:24)
    at async getAuditLogs (C:\Projects\ecotrackai\ecotrackai-backend\src\controllers\superadmin.controller.js:186:22) {
  length: 109,
  severity: 'ERROR',
  code: '42P01',
  detail: undefined,
  hint: undefined,
  position: '15',
  internalPosition: undefined,
  internalQuery: undefined,
  where: undefined,
  schema: undefined,
  table: undefined,
  column: undefined,
  dataType: undefined,
  constraint: undefined,
  file: 'parse_relation.c',
  line: '1381',
  routine: 'parserOpenTable'
}
[SuperAdminService.getCrossBusinessAnalytics] error: relation "carbon" does not exist
    at C:\Projects\ecotrackai\ecotrackai-backend\node_modules\pg-pool\index.js:45:11
    at process.processTicksAndRejections (node:internal/process/task_queues:103:5)
    at async Object.getCrossBusinessAnalytics (C:\Projects\ecotrackai\ecotrackai-backend\src\services\superadmin.service.js:393:28)
    at async getCrossBusinessAnalytics (C:\Projects\ecotrackai\ecotrackai-backend\src\controllers\superadmin.controller.js:239:22) {
  length: 106,
  severity: 'ERROR',
  code: '42P01',
  detail: undefined,
  hint: undefined,
  position: '182',
  internalPosition: undefined,
  internalQuery: undefined,
  where: undefined,
  schema: undefined,
  table: undefined,
  column: undefined,
  dataType: undefined,
  constraint: undefined,
  file: 'parse_relation.c',
  line: '1381',
  routine: 'parserOpenTable'
}
[SuperAdminService.getAuditLogs] error: relation "audit_logs" does not exist
    at C:\Projects\ecotrackai\ecotrackai-backend\node_modules\pg-pool\index.js:45:11
    at process.processTicksAndRejections (node:internal/process/task_queues:103:5)
    at async Object.getAuditLogs (C:\Projects\ecotrackai\ecotrackai-backend\src\services\superadmin.service.js:362:24)
    at async getAuditLogs (C:\Projects\ecotrackai\ecotrackai-backend\src\controllers\superadmin.controller.js:186:22) {
  length: 109,
  severity: 'ERROR',
  code: '42P01',
  detail: undefined,
  hint: undefined,
  position: '15',
  internalPosition: undefined,
  internalQuery: undefined,
  where: undefined,
  schema: undefined,
  table: undefined,
  column: undefined,
  dataType: undefined,
  constraint: undefined,
  file: 'parse_relation.c',
  line: '1381',
  routine: 'parserOpenTable'
}
[SuperAdminService.getCrossBusinessAnalytics] error: relation "carbon" does not exist
    at C:\Projects\ecotrackai\ecotrackai-backend\node_modules\pg-pool\index.js:45:11
    at process.processTicksAndRejections (node:internal/process/task_queues:103:5)
    at async Object.getCrossBusinessAnalytics (C:\Projects\ecotrackai\ecotrackai-backend\src\services\superadmin.service.js:393:28)
    at async getCrossBusinessAnalytics (C:\Projects\ecotrackai\ecotrackai-backend\src\controllers\superadmin.controller.js:239:22) {
  length: 106,
  severity: 'ERROR',
  code: '42P01',
  detail: undefined,
  hint: undefined,
  position: '182',
  internalPosition: undefined,
  internalQuery: undefined,
  where: undefined,
  schema: undefined,
  table: undefined,
  column: undefined,
  dataType: undefined,
  constraint: undefined,
  file: 'parse_relation.c',
  line: '1381',
  routine: 'parserOpenTable'
}
[SuperAdminService.getAuditLogs] error: relation "audit_logs" does not exist
    at C:\Projects\ecotrackai\ecotrackai-backend\node_modules\pg-pool\index.js:45:11
    at process.processTicksAndRejections (node:internal/process/task_queues:103:5)
    at async Object.getAuditLogs (C:\Projects\ecotrackai\ecotrackai-backend\src\services\superadmin.service.js:362:24)
    at async getAuditLogs (C:\Projects\ecotrackai\ecotrackai-backend\src\controllers\superadmin.controller.js:186:22) {
  length: 109,
  severity: 'ERROR',
  code: '42P01',
  detail: undefined,
  hint: undefined,
  position: '15',
  internalPosition: undefined,
  internalQuery: undefined,
  where: undefined,
  schema: undefined,
  table: undefined,
  column: undefined,
  dataType: undefined,
  constraint: undefined,
  file: 'parse_relation.c',
  line: '1381',
  routine: 'parserOpenTable'
}
[SuperAdminService.getAuditLogs] error: relation "audit_logs" does not exist
    at C:\Projects\ecotrackai\ecotrackai-backend\node_modules\pg-pool\index.js:45:11
    at process.processTicksAndRejections (node:internal/process/task_queues:103:5)
    at async Object.getAuditLogs (C:\Projects\ecotrackai\ecotrackai-backend\src\services\superadmin.service.js:362:24)
    at async getAuditLogs (C:\Projects\ecotrackai\ecotrackai-backend\src\controllers\superadmin.controller.js:186:22) {
  length: 109,
  severity: 'ERROR',
  code: '42P01',
  detail: undefined,
  hint: undefined,
  position: '15',
  internalPosition: undefined,
  internalQuery: undefined,
  where: undefined,
  schema: undefined,
  table: undefined,
  column: undefined,
  dataType: undefined,
  constraint: undefined,
  file: 'parse_relation.c',
  line: '1381',
  routine: 'parserOpenTable'
}
[SuperAdminService.getCrossBusinessAnalytics] error: relation "carbon" does not exist
    at C:\Projects\ecotrackai\ecotrackai-backend\node_modules\pg-pool\index.js:45:11
    at process.processTicksAndRejections (node:internal/process/task_queues:103:5)
    at async Object.getCrossBusinessAnalytics (C:\Projects\ecotrackai\ecotrackai-backend\src\services\superadmin.service.js:393:28)
    at async getCrossBusinessAnalytics (C:\Projects\ecotrackai\ecotrackai-backend\src\controllers\superadmin.controller.js:239:22) {
  length: 106,
  severity: 'ERROR',
  code: '42P01',
  detail: undefined,
  hint: undefined,
  position: '182',
  internalPosition: undefined,
  internalQuery: undefined,
  where: undefined,
  schema: undefined,
  table: undefined,
  column: undefined,
  dataType: undefined,
  constraint: undefined,
  file: 'parse_relation.c',
  line: '1381',
  routine: 'parserOpenTable'
}
